<?xml version="1.0" encoding="UTF-8"?>
<testsuite xmlns:xsi="http://www.w3.org/2001/XMLSchema-instance" xsi:noNamespaceSchemaLocation="https://maven.apache.org/surefire/maven-surefire-plugin/xsd/surefire-test-report-3.0.xsd" version="3.0" name="TestSuite" time="39.788" tests="4" errors="0" skipped="1" failures="2">
  <properties>
[...]
</properties>
  <testcase name="Test_initilize_main" classname="source.initilize" time="35.024">
    <system-out><![CDATA[...
... TestNG 6.14.3 by Cédric Beust (cedric@beust.com)
...

[Ljava.lang.String;@59906517
action recieved
RunTestTypeVal : Desktop_Web
Windows
action recieved
executionTypeVal : Regression
]]></system-out>
  </testcase>
  <testcase name="setUp" classname="source.Suntuity" time="38.876">
    <failure message="Could not start a new session. Possible causes are invalid address of the remote server or browser start-up failure.&#10;Build info: version: &apos;3.14.0&apos;, revision: &apos;aacccce0&apos;, time: &apos;2018-08-02T20:19:58.91Z&apos;&#10;System info: host: &apos;DESKTOP-4SAH56R&apos;, ip: &apos;192.168.137.1&apos;, os.name: &apos;Windows 10&apos;, os.arch: &apos;amd64&apos;, os.version: &apos;10.0&apos;, java.version: &apos;1.8.0_251&apos;&#10;Driver info: driver.version: RemoteWebDriver" type="org.openqa.selenium.remote.UnreachableBrowserException"><![CDATA[org.openqa.selenium.remote.UnreachableBrowserException: 
Could not start a new session. Possible causes are invalid address of the remote server or browser start-up failure.
Build info: version: '3.14.0', revision: 'aacccce0', time: '2018-08-02T20:19:58.91Z'
System info: host: 'DESKTOP-4SAH56R', ip: '192.168.137.1', os.name: 'Windows 10', os.arch: 'amd64', os.version: '10.0', java.version: '1.8.0_251'
Driver info: driver.version: RemoteWebDriver
	at source.Suntuity.setUp(Suntuity.java:118)
Caused by: java.net.UnknownHostException: This is usually a temporary error during hostname resolution and means that the local server did not receive a response from an authoritative server (hub-cloud.browserstack.com)
	at source.Suntuity.setUp(Suntuity.java:118)
]]></failure>
    <system-out><![CDATA[Run type isDesktop_Web
login started
]]></system-out>
  </testcase>
  <testcase name="Test" classname="source.Suntuity" time="0">
    <skipped message="Could not start a new session. Possible causes are invalid address of the remote server or browser start-up failure.&#10;Build info: version: &apos;3.14.0&apos;, revision: &apos;aacccce0&apos;, time: &apos;2018-08-02T20:19:58.91Z&apos;&#10;System info: host: &apos;DESKTOP-4SAH56R&apos;, ip: &apos;192.168.137.1&apos;, os.name: &apos;Windows 10&apos;, os.arch: &apos;amd64&apos;, os.version: &apos;10.0&apos;, java.version: &apos;1.8.0_251&apos;&#10;Driver info: driver.version: RemoteWebDriver"/>
  </testcase>
  <testcase name="tearDown" classname="source.Suntuity" time="38.877">
    <failure type="java.lang.NullPointerException"><![CDATA[java.lang.NullPointerException
	at source.Suntuity.tearDown(Suntuity.java:239)
]]></failure>
  </testcase>
</testsuite>